<?xml version="1.0" encoding="UTF-8"?>
<testsuite name="se.magnus.springcloud.EurekaServerApplicationTests" tests="1" skipped="0" failures="0" errors="0" timestamp="2022-12-19T10:11:14" hostname="FVFGL0JZQ05R" time="0.161">
  <properties/>
  <testcase name="contextLoads()" classname="se.magnus.springcloud.EurekaServerApplicationTests" time="0.161"/>
  <system-out><![CDATA[11:11:12.422 [Test worker] DEBUG org.springframework.test.context.BootstrapUtils - Instantiating CacheAwareContextLoaderDelegate from class [org.springframework.test.context.cache.DefaultCacheAwareContextLoaderDelegate]
11:11:12.426 [Test worker] DEBUG org.springframework.test.context.BootstrapUtils - Instantiating BootstrapContext using constructor [public org.springframework.test.context.support.DefaultBootstrapContext(java.lang.Class,org.springframework.test.context.CacheAwareContextLoaderDelegate)]
11:11:12.438 [Test worker] DEBUG org.springframework.test.context.BootstrapUtils - Instantiating TestContextBootstrapper for test class [se.magnus.springcloud.EurekaServerApplicationTests] from class [org.springframework.boot.test.context.SpringBootTestContextBootstrapper]
11:11:12.442 [Test worker] INFO org.springframework.boot.test.context.SpringBootTestContextBootstrapper - Neither @ContextConfiguration nor @ContextHierarchy found for test class [se.magnus.springcloud.EurekaServerApplicationTests], using SpringBootContextLoader
11:11:12.443 [Test worker] DEBUG org.springframework.test.context.support.AbstractContextLoader - Did not detect default resource location for test class [se.magnus.springcloud.EurekaServerApplicationTests]: class path resource [se/magnus/springcloud/EurekaServerApplicationTests-context.xml] does not exist
11:11:12.444 [Test worker] DEBUG org.springframework.test.context.support.AbstractContextLoader - Did not detect default resource location for test class [se.magnus.springcloud.EurekaServerApplicationTests]: class path resource [se/magnus/springcloud/EurekaServerApplicationTestsContext.groovy] does not exist
11:11:12.444 [Test worker] INFO org.springframework.test.context.support.AbstractContextLoader - Could not detect default resource locations for test class [se.magnus.springcloud.EurekaServerApplicationTests]: no resource found for suffixes {-context.xml, Context.groovy}.
11:11:12.444 [Test worker] INFO org.springframework.test.context.support.AnnotationConfigContextLoaderUtils - Could not detect default configuration classes for test class [se.magnus.springcloud.EurekaServerApplicationTests]: EurekaServerApplicationTests does not declare any static, non-private, non-final, nested classes annotated with @Configuration.
11:11:12.459 [Test worker] DEBUG org.springframework.test.context.support.ActiveProfilesUtils - Could not find an 'annotation declaring class' for annotation type [org.springframework.test.context.ActiveProfiles] and class [se.magnus.springcloud.EurekaServerApplicationTests]
11:11:12.483 [Test worker] DEBUG org.springframework.context.annotation.ClassPathScanningCandidateComponentProvider - Identified candidate component class: file [/Users/diego.nieto/Documents/study/code-school/spring-microservices/spring-cloud/eureka-server/build/classes/java/main/se/magnus/springcloud/EurekaServerApplication.class]
11:11:12.484 [Test worker] INFO org.springframework.boot.test.context.SpringBootTestContextBootstrapper - Found @SpringBootConfiguration se.magnus.springcloud.EurekaServerApplication for test class se.magnus.springcloud.EurekaServerApplicationTests
11:11:12.524 [Test worker] DEBUG org.springframework.boot.test.context.SpringBootTestContextBootstrapper - @TestExecutionListeners is not present for class [se.magnus.springcloud.EurekaServerApplicationTests]: using defaults.
11:11:12.524 [Test worker] INFO org.springframework.boot.test.context.SpringBootTestContextBootstrapper - Loaded default TestExecutionListener class names from location [META-INF/spring.factories]: [org.springframework.boot.test.autoconfigure.restdocs.RestDocsTestExecutionListener, org.springframework.boot.test.autoconfigure.web.client.MockRestServiceServerResetTestExecutionListener, org.springframework.boot.test.autoconfigure.web.servlet.MockMvcPrintOnlyOnFailureTestExecutionListener, org.springframework.boot.test.autoconfigure.web.servlet.WebDriverTestExecutionListener, org.springframework.boot.test.autoconfigure.webservices.client.MockWebServiceServerTestExecutionListener, org.springframework.boot.test.mock.mockito.MockitoTestExecutionListener, org.springframework.boot.test.mock.mockito.ResetMocksTestExecutionListener, org.springframework.test.context.web.ServletTestExecutionListener, org.springframework.test.context.support.DirtiesContextBeforeModesTestExecutionListener, org.springframework.test.context.event.ApplicationEventsTestExecutionListener, org.springframework.test.context.support.DependencyInjectionTestExecutionListener, org.springframework.test.context.support.DirtiesContextTestExecutionListener, org.springframework.test.context.transaction.TransactionalTestExecutionListener, org.springframework.test.context.jdbc.SqlScriptsTestExecutionListener, org.springframework.test.context.event.EventPublishingTestExecutionListener]
11:11:12.529 [Test worker] DEBUG org.springframework.boot.test.context.SpringBootTestContextBootstrapper - Skipping candidate TestExecutionListener [org.springframework.test.context.transaction.TransactionalTestExecutionListener] due to a missing dependency. Specify custom listener classes or make the default listener classes and their required dependencies available. Offending class: [org/springframework/transaction/interceptor/TransactionAttributeSource]
11:11:12.529 [Test worker] DEBUG org.springframework.boot.test.context.SpringBootTestContextBootstrapper - Skipping candidate TestExecutionListener [org.springframework.test.context.jdbc.SqlScriptsTestExecutionListener] due to a missing dependency. Specify custom listener classes or make the default listener classes and their required dependencies available. Offending class: [org/springframework/transaction/interceptor/TransactionAttribute]
11:11:12.529 [Test worker] INFO org.springframework.boot.test.context.SpringBootTestContextBootstrapper - Using TestExecutionListeners: [org.springframework.test.context.web.ServletTestExecutionListener@4d098f9b, org.springframework.test.context.support.DirtiesContextBeforeModesTestExecutionListener@2dbf4cbd, org.springframework.test.context.event.ApplicationEventsTestExecutionListener@20b5f2ac, org.springframework.boot.test.mock.mockito.MockitoTestExecutionListener@7fc44dec, org.springframework.boot.test.autoconfigure.SpringBootDependencyInjectionTestExecutionListener@7e3060d8, org.springframework.test.context.support.DirtiesContextTestExecutionListener@293d0107, org.springframework.test.context.event.EventPublishingTestExecutionListener@2692b61e, org.springframework.boot.test.autoconfigure.restdocs.RestDocsTestExecutionListener@7b64240d, org.springframework.boot.test.autoconfigure.web.client.MockRestServiceServerResetTestExecutionListener@62fad19, org.springframework.boot.test.autoconfigure.web.servlet.MockMvcPrintOnlyOnFailureTestExecutionListener@47dbb1e2, org.springframework.boot.test.autoconfigure.web.servlet.WebDriverTestExecutionListener@74cadd41, org.springframework.boot.test.autoconfigure.webservices.client.MockWebServiceServerTestExecutionListener@2e54db99, org.springframework.boot.test.mock.mockito.ResetMocksTestExecutionListener@55e8ec2f]
11:11:12.530 [Test worker] DEBUG org.springframework.test.context.support.AbstractDirtiesContextTestExecutionListener - Before test class: context [DefaultTestContext@1bc715b8 testClass = EurekaServerApplicationTests, testInstance = [null], testMethod = [null], testException = [null], mergedContextConfiguration = [WebMergedContextConfiguration@292d1c71 testClass = EurekaServerApplicationTests, locations = '{}', classes = '{class se.magnus.springcloud.EurekaServerApplication}', contextInitializerClasses = '[]', activeProfiles = '{}', propertySourceLocations = '{}', propertySourceProperties = '{org.springframework.boot.test.context.SpringBootTestContextBootstrapper=true}', contextCustomizers = set[org.springframework.boot.test.autoconfigure.actuate.metrics.MetricsExportContextCustomizerFactory$DisableMetricExportContextCustomizer@65b104b9, org.springframework.boot.test.autoconfigure.properties.PropertyMappingContextCustomizer@0, org.springframework.boot.test.autoconfigure.web.servlet.WebDriverContextCustomizerFactory$Customizer@5b6ec132, org.springframework.boot.test.context.filter.ExcludeFilterContextCustomizer@7b205dbd, org.springframework.boot.test.json.DuplicateJsonObjectContextCustomizerFactory$DuplicateJsonObjectContextCustomizer@6cc558c6, org.springframework.boot.test.mock.mockito.MockitoContextCustomizer@0, org.springframework.boot.test.web.client.TestRestTemplateContextCustomizer@6cce16f4, org.springframework.boot.test.context.SpringBootTestArgs@1, org.springframework.boot.test.context.SpringBootTestWebEnvironment@672872e1], resourceBasePath = 'src/main/webapp', contextLoader = 'org.springframework.boot.test.context.SpringBootContextLoader', parent = [null]], attributes = map['org.springframework.test.context.web.ServletTestExecutionListener.activateListener' -> true]], class annotated with @DirtiesContext [false] with mode [null].
11:11:12.544 [Test worker] DEBUG org.springframework.test.context.support.TestPropertySourceUtils - Adding inlined properties to environment: {spring.jmx.enabled=false, org.springframework.boot.test.context.SpringBootTestContextBootstrapper=true}

  .   ____          _            __ _ _
 /\\ / ___'_ __ _ _(_)_ __  __ _ \ \ \ \
( ( )\___ | '_ | '_| | '_ \/ _` | \ \ \ \
 \\/  ___)| |_)| | | | | || (_| |  ) ) ) )
  '  |____| .__|_| |_|_| |_\__, | / / / /
 =========|_|==============|___/=/_/_/_/
 :: Spring Boot ::                (v2.5.6)

2022-12-19 11:11:12.765  INFO 94891 --- [    Test worker] s.m.s.EurekaServerApplicationTests       : Starting EurekaServerApplicationTests using Java 17.0.2 on FVFGL0JZQ05R with PID 94891 (started by diego.nieto in /Users/diego.nieto/Documents/study/code-school/spring-microservices/spring-cloud/eureka-server)
2022-12-19 11:11:12.766  INFO 94891 --- [    Test worker] s.m.s.EurekaServerApplicationTests       : No active profile set, falling back to default profiles: default
2022-12-19 11:11:13.163  INFO 94891 --- [    Test worker] o.s.cloud.context.scope.GenericScope     : BeanFactory id=c08d45c7-9d28-35cc-9d38-2971a29217a4
2022-12-19 11:11:13.791  INFO 94891 --- [    Test worker] DiscoveryClientOptionalArgsConfiguration : Eureka HTTP Client uses Jersey
2022-12-19 11:11:13.821  WARN 94891 --- [    Test worker] iguration$LoadBalancerCaffeineWarnLogger : Spring Cloud LoadBalancer is currently working with the default cache. You can switch to using Caffeine cache, by adding it and org.springframework.cache.caffeine.CaffeineCacheManager to the classpath.
2022-12-19 11:11:13.922  INFO 94891 --- [    Test worker] o.s.c.n.eureka.InstanceInfoFactory       : Setting initial instance status as: STARTING
2022-12-19 11:11:13.935  INFO 94891 --- [    Test worker] com.netflix.discovery.DiscoveryClient    : Initializing Eureka in region us-east-1
2022-12-19 11:11:13.935  INFO 94891 --- [    Test worker] com.netflix.discovery.DiscoveryClient    : Client configured to neither register nor query for data.
2022-12-19 11:11:13.938  INFO 94891 --- [    Test worker] com.netflix.discovery.DiscoveryClient    : Discovery Client initialized at timestamp 1671444673938 with initial instances count: 0
2022-12-19 11:11:13.954  INFO 94891 --- [    Test worker] c.n.eureka.DefaultEurekaServerContext    : Initializing ...
2022-12-19 11:11:13.955  WARN 94891 --- [    Test worker] c.n.eureka.cluster.PeerEurekaNodes       : The replica size seems to be empty. Check the route 53 DNS Registry
2022-12-19 11:11:13.993  INFO 94891 --- [    Test worker] c.n.e.registry.AbstractInstanceRegistry  : Finished initializing remote region registries. All known remote regions: []
2022-12-19 11:11:13.997  INFO 94891 --- [    Test worker] c.n.eureka.DefaultEurekaServerContext    : Initialized
2022-12-19 11:11:14.038  INFO 94891 --- [    Test worker] o.s.b.a.e.web.EndpointLinksResolver      : Exposing 16 endpoint(s) beneath base path '/actuator'
2022-12-19 11:11:14.060  INFO 94891 --- [    Test worker] o.s.c.n.e.s.EurekaServiceRegistry        : Registering application UNKNOWN with eureka with status UP
2022-12-19 11:11:14.061  INFO 94891 --- [      Thread-12] o.s.c.n.e.server.EurekaServerBootstrap   : Setting the eureka configuration..
2022-12-19 11:11:14.064  INFO 94891 --- [      Thread-12] o.s.c.n.e.server.EurekaServerBootstrap   : isAws returned false
2022-12-19 11:11:14.065  INFO 94891 --- [      Thread-12] o.s.c.n.e.server.EurekaServerBootstrap   : Initialized server context
2022-12-19 11:11:14.065  INFO 94891 --- [      Thread-12] c.n.e.r.PeerAwareInstanceRegistryImpl    : Got 1 instances from neighboring DS node
2022-12-19 11:11:14.065  INFO 94891 --- [      Thread-12] c.n.e.r.PeerAwareInstanceRegistryImpl    : Renew threshold is: 1
2022-12-19 11:11:14.065  INFO 94891 --- [      Thread-12] c.n.e.r.PeerAwareInstanceRegistryImpl    : Changing status to UP
2022-12-19 11:11:14.074  INFO 94891 --- [    Test worker] s.m.s.EurekaServerApplicationTests       : Started EurekaServerApplicationTests in 1.525 seconds (JVM running for 2.035)
2022-12-19 11:11:14.101  INFO 94891 --- [      Thread-12] e.s.EurekaServerInitializerConfiguration : Started Eureka Server
]]></system-out>
  <system-err><![CDATA[]]></system-err>
</testsuite>
