<?xml version="1.0" encoding="UTF-8"?>
<testsuite name="se.magnus.microservices.api.ApiApplicationTests" tests="1" skipped="0" failures="0" errors="0" timestamp="2022-11-29T16:02:06" hostname="FVFGL0JZQ05R" time="0.262">
  <properties/>
  <testcase name="contextLoads()" classname="se.magnus.microservices.api.ApiApplicationTests" time="0.262"/>
  <system-out><![CDATA[17:02:05.257 [Test worker] DEBUG org.springframework.test.context.BootstrapUtils - Instantiating CacheAwareContextLoaderDelegate from class [org.springframework.test.context.cache.DefaultCacheAwareContextLoaderDelegate]
17:02:05.264 [Test worker] DEBUG org.springframework.test.context.BootstrapUtils - Instantiating BootstrapContext using constructor [public org.springframework.test.context.support.DefaultBootstrapContext(java.lang.Class,org.springframework.test.context.CacheAwareContextLoaderDelegate)]
17:02:05.282 [Test worker] DEBUG org.springframework.test.context.BootstrapUtils - Instantiating TestContextBootstrapper for test class [se.magnus.microservices.api.ApiApplicationTests] from class [org.springframework.boot.test.context.SpringBootTestContextBootstrapper]
17:02:05.290 [Test worker] INFO org.springframework.boot.test.context.SpringBootTestContextBootstrapper - Neither @ContextConfiguration nor @ContextHierarchy found for test class [se.magnus.microservices.api.ApiApplicationTests], using SpringBootContextLoader
17:02:05.293 [Test worker] DEBUG org.springframework.test.context.support.AbstractContextLoader - Did not detect default resource location for test class [se.magnus.microservices.api.ApiApplicationTests]: class path resource [se/magnus/microservices/api/ApiApplicationTests-context.xml] does not exist
17:02:05.293 [Test worker] DEBUG org.springframework.test.context.support.AbstractContextLoader - Did not detect default resource location for test class [se.magnus.microservices.api.ApiApplicationTests]: class path resource [se/magnus/microservices/api/ApiApplicationTestsContext.groovy] does not exist
17:02:05.293 [Test worker] INFO org.springframework.test.context.support.AbstractContextLoader - Could not detect default resource locations for test class [se.magnus.microservices.api.ApiApplicationTests]: no resource found for suffixes {-context.xml, Context.groovy}.
17:02:05.294 [Test worker] INFO org.springframework.test.context.support.AnnotationConfigContextLoaderUtils - Could not detect default configuration classes for test class [se.magnus.microservices.api.ApiApplicationTests]: ApiApplicationTests does not declare any static, non-private, non-final, nested classes annotated with @Configuration.
17:02:05.317 [Test worker] DEBUG org.springframework.test.context.support.ActiveProfilesUtils - Could not find an 'annotation declaring class' for annotation type [org.springframework.test.context.ActiveProfiles] and class [se.magnus.microservices.api.ApiApplicationTests]
17:02:05.346 [Test worker] DEBUG org.springframework.context.annotation.ClassPathScanningCandidateComponentProvider - Identified candidate component class: file [/Users/diego.nieto/Documents/study/code-school/spring-microservices/reactive/api/build/classes/java/main/se/magnus/microservices/api/ApiApplication.class]
17:02:05.346 [Test worker] INFO org.springframework.boot.test.context.SpringBootTestContextBootstrapper - Found @SpringBootConfiguration se.magnus.microservices.api.ApiApplication for test class se.magnus.microservices.api.ApiApplicationTests
17:02:05.397 [Test worker] DEBUG org.springframework.boot.test.context.SpringBootTestContextBootstrapper - @TestExecutionListeners is not present for class [se.magnus.microservices.api.ApiApplicationTests]: using defaults.
17:02:05.397 [Test worker] INFO org.springframework.boot.test.context.SpringBootTestContextBootstrapper - Loaded default TestExecutionListener class names from location [META-INF/spring.factories]: [org.springframework.boot.test.autoconfigure.restdocs.RestDocsTestExecutionListener, org.springframework.boot.test.autoconfigure.web.client.MockRestServiceServerResetTestExecutionListener, org.springframework.boot.test.autoconfigure.web.servlet.MockMvcPrintOnlyOnFailureTestExecutionListener, org.springframework.boot.test.autoconfigure.web.servlet.WebDriverTestExecutionListener, org.springframework.boot.test.autoconfigure.webservices.client.MockWebServiceServerTestExecutionListener, org.springframework.boot.test.mock.mockito.MockitoTestExecutionListener, org.springframework.boot.test.mock.mockito.ResetMocksTestExecutionListener, org.springframework.test.context.web.ServletTestExecutionListener, org.springframework.test.context.support.DirtiesContextBeforeModesTestExecutionListener, org.springframework.test.context.event.ApplicationEventsTestExecutionListener, org.springframework.test.context.support.DependencyInjectionTestExecutionListener, org.springframework.test.context.support.DirtiesContextTestExecutionListener, org.springframework.test.context.transaction.TransactionalTestExecutionListener, org.springframework.test.context.jdbc.SqlScriptsTestExecutionListener, org.springframework.test.context.event.EventPublishingTestExecutionListener]
17:02:05.401 [Test worker] DEBUG org.springframework.boot.test.context.SpringBootTestContextBootstrapper - Skipping candidate TestExecutionListener [org.springframework.test.context.web.ServletTestExecutionListener] due to a missing dependency. Specify custom listener classes or make the default listener classes and their required dependencies available. Offending class: [javax/servlet/ServletContext]
17:02:05.404 [Test worker] DEBUG org.springframework.boot.test.context.SpringBootTestContextBootstrapper - Skipping candidate TestExecutionListener [org.springframework.test.context.transaction.TransactionalTestExecutionListener] due to a missing dependency. Specify custom listener classes or make the default listener classes and their required dependencies available. Offending class: [org/springframework/transaction/interceptor/TransactionAttributeSource]
17:02:05.404 [Test worker] DEBUG org.springframework.boot.test.context.SpringBootTestContextBootstrapper - Skipping candidate TestExecutionListener [org.springframework.test.context.jdbc.SqlScriptsTestExecutionListener] due to a missing dependency. Specify custom listener classes or make the default listener classes and their required dependencies available. Offending class: [org/springframework/transaction/interceptor/TransactionAttribute]
17:02:05.404 [Test worker] INFO org.springframework.boot.test.context.SpringBootTestContextBootstrapper - Using TestExecutionListeners: [org.springframework.test.context.support.DirtiesContextBeforeModesTestExecutionListener@788fcafb, org.springframework.test.context.event.ApplicationEventsTestExecutionListener@4febb875, org.springframework.boot.test.mock.mockito.MockitoTestExecutionListener@25e2a451, org.springframework.boot.test.autoconfigure.SpringBootDependencyInjectionTestExecutionListener@1698ee84, org.springframework.test.context.support.DirtiesContextTestExecutionListener@10c626be, org.springframework.test.context.event.EventPublishingTestExecutionListener@2fc0cc3, org.springframework.boot.test.autoconfigure.restdocs.RestDocsTestExecutionListener@328cf0e1, org.springframework.boot.test.autoconfigure.web.client.MockRestServiceServerResetTestExecutionListener@63b1d4fa, org.springframework.boot.test.autoconfigure.web.servlet.MockMvcPrintOnlyOnFailureTestExecutionListener@42e3ede4, org.springframework.boot.test.autoconfigure.web.servlet.WebDriverTestExecutionListener@201b6b6f, org.springframework.boot.test.autoconfigure.webservices.client.MockWebServiceServerTestExecutionListener@75459c75, org.springframework.boot.test.mock.mockito.ResetMocksTestExecutionListener@183e8023]
17:02:05.406 [Test worker] DEBUG org.springframework.test.context.support.AbstractDirtiesContextTestExecutionListener - Before test class: context [DefaultTestContext@72cf2de5 testClass = ApiApplicationTests, testInstance = [null], testMethod = [null], testException = [null], mergedContextConfiguration = [ReactiveWebMergedContextConfiguration@2bb7bd00 testClass = ApiApplicationTests, locations = '{}', classes = '{class se.magnus.microservices.api.ApiApplication}', contextInitializerClasses = '[]', activeProfiles = '{}', propertySourceLocations = '{}', propertySourceProperties = '{org.springframework.boot.test.context.SpringBootTestContextBootstrapper=true}', contextCustomizers = set[org.springframework.boot.test.autoconfigure.actuate.metrics.MetricsExportContextCustomizerFactory$DisableMetricExportContextCustomizer@768fc0f2, org.springframework.boot.test.autoconfigure.properties.PropertyMappingContextCustomizer@0, org.springframework.boot.test.autoconfigure.web.servlet.WebDriverContextCustomizerFactory$Customizer@1e44b638, org.springframework.boot.test.context.filter.ExcludeFilterContextCustomizer@600b9d27, org.springframework.boot.test.json.DuplicateJsonObjectContextCustomizerFactory$DuplicateJsonObjectContextCustomizer@7922d892, org.springframework.boot.test.mock.mockito.MockitoContextCustomizer@0, org.springframework.boot.test.web.client.TestRestTemplateContextCustomizer@5b367418, org.springframework.boot.test.web.reactive.server.WebTestClientContextCustomizer@1b75c2e3, org.springframework.boot.test.context.SpringBootTestArgs@1, org.springframework.boot.test.context.SpringBootTestWebEnvironment@6aaceffd], contextLoader = 'org.springframework.boot.test.context.SpringBootContextLoader', parent = [null]], attributes = map[[empty]]], class annotated with @DirtiesContext [false] with mode [null].
17:02:05.414 [Test worker] DEBUG org.springframework.test.context.support.DependencyInjectionTestExecutionListener - Performing dependency injection for test context [[DefaultTestContext@72cf2de5 testClass = ApiApplicationTests, testInstance = se.magnus.microservices.api.ApiApplicationTests@4fc5e095, testMethod = [null], testException = [null], mergedContextConfiguration = [ReactiveWebMergedContextConfiguration@2bb7bd00 testClass = ApiApplicationTests, locations = '{}', classes = '{class se.magnus.microservices.api.ApiApplication}', contextInitializerClasses = '[]', activeProfiles = '{}', propertySourceLocations = '{}', propertySourceProperties = '{org.springframework.boot.test.context.SpringBootTestContextBootstrapper=true}', contextCustomizers = set[org.springframework.boot.test.autoconfigure.actuate.metrics.MetricsExportContextCustomizerFactory$DisableMetricExportContextCustomizer@768fc0f2, org.springframework.boot.test.autoconfigure.properties.PropertyMappingContextCustomizer@0, org.springframework.boot.test.autoconfigure.web.servlet.WebDriverContextCustomizerFactory$Customizer@1e44b638, org.springframework.boot.test.context.filter.ExcludeFilterContextCustomizer@600b9d27, org.springframework.boot.test.json.DuplicateJsonObjectContextCustomizerFactory$DuplicateJsonObjectContextCustomizer@7922d892, org.springframework.boot.test.mock.mockito.MockitoContextCustomizer@0, org.springframework.boot.test.web.client.TestRestTemplateContextCustomizer@5b367418, org.springframework.boot.test.web.reactive.server.WebTestClientContextCustomizer@1b75c2e3, org.springframework.boot.test.context.SpringBootTestArgs@1, org.springframework.boot.test.context.SpringBootTestWebEnvironment@6aaceffd], contextLoader = 'org.springframework.boot.test.context.SpringBootContextLoader', parent = [null]], attributes = map['org.springframework.test.context.event.ApplicationEventsTestExecutionListener.recordApplicationEvents' -> false]]].
17:02:05.427 [Test worker] DEBUG org.springframework.test.context.support.TestPropertySourceUtils - Adding inlined properties to environment: {spring.jmx.enabled=false, org.springframework.boot.test.context.SpringBootTestContextBootstrapper=true}

  .   ____          _            __ _ _
 /\\ / ___'_ __ _ _(_)_ __  __ _ \ \ \ \
( ( )\___ | '_ | '_| | '_ \/ _` | \ \ \ \
 \\/  ___)| |_)| | | | | || (_| |  ) ) ) )
  '  |____| .__|_| |_|_| |_\__, | / / / /
 =========|_|==============|___/=/_/_/_/
 :: Spring Boot ::                (v2.5.2)

2022-11-29 17:02:05.713  INFO 30428 --- [    Test worker] s.m.m.api.ApiApplicationTests            : Starting ApiApplicationTests using Java 17.0.2 on FVFGL0JZQ05R with PID 30428 (started by diego.nieto in /Users/diego.nieto/Documents/study/code-school/spring-microservices/reactive/api)
2022-11-29 17:02:05.714  INFO 30428 --- [    Test worker] s.m.m.api.ApiApplicationTests            : No active profile set, falling back to default profiles: default
2022-11-29 17:02:06.554  INFO 30428 --- [    Test worker] s.m.m.api.ApiApplicationTests            : Started ApiApplicationTests in 1.117 seconds (JVM running for 2.04)
]]></system-out>
  <system-err><![CDATA[]]></system-err>
</testsuite>
